<?xml version="1.0" encoding="UTF-8"?>
<testsuite xmlns:xsi="http://www.w3.org/2001/XMLSchema-instance" xsi:noNamespaceSchemaLocation="https://maven.apache.org/surefire/maven-surefire-plugin/xsd/surefire-test-report.xsd" name="OrderCreateTest" time="1.309" tests="3" errors="0" skipped="0" failures="0">
  <properties>
[...]
</properties>
  <testcase name="createCourierValidTest[0]" classname="OrderCreateTest" time="0.496"/>
  <testcase name="createCourierValidTest[1]" classname="OrderCreateTest" time="0.418"/>
  <testcase name="createCourierValidTest[2]" classname="OrderCreateTest" time="0.389"/>
</testsuite>